# JRE version: Java(TM) SE Runtime Environment (8.0_151-b12) (build 1.8.0_151-b12)
# Java VM: Java HotSpot(TM) 64-Bit Server VM (25.151-b12 mixed mode linux-amd64 compressed oops)
Heap:
 PSYoungGen      total 77312K, used 19536K [0x00000000ede00000, 0x00000000f4c80000, 0x0000000100000000)
  eden space 67072K, 29% used [0x00000000ede00000,0x00000000ef1140d8,0x00000000f1f80000)
  from space 10240K, 0% used [0x00000000f1f80000,0x00000000f1f80000,0x00000000f2980000)
  to   space 10752K, 0% used [0x00000000f4200000,0x00000000f4200000,0x00000000f4c80000)
 ParOldGen       total 55296K, used 16845K [0x00000000c9a00000, 0x00000000cd000000, 0x00000000ede00000)
  object space 55296K, 30% used [0x00000000c9a00000,0x00000000caa734b8,0x00000000cd000000)
 Metaspace       used 37619K, capacity 39157K, committed 39296K, reserved 1083392K
  class space    used 5338K, capacity 5696K, committed 5760K, reserved 1048576K
GC Heap History (10 events):
Event: 4,310 GC heap before
{Heap before GC invocations=7 (full 1):
 PSYoungGen      total 31744K, used 29696K [0x00000000ede00000, 0x00000000f2600000, 0x0000000100000000)
  eden space 29696K, 100% used [0x00000000ede00000,0x00000000efb00000,0x00000000efb00000)
  from space 2048K, 0% used [0x00000000efb00000,0x00000000efb00000,0x00000000efd00000)
  to   space 7168K, 0% used [0x00000000f1f00000,0x00000000f1f00000,0x00000000f2600000)
 ParOldGen       total 36352K, used 9193K [0x00000000c9a00000, 0x00000000cbd80000, 0x00000000ede00000)
  object space 36352K, 25% used [0x00000000c9a00000,0x00000000ca2fa758,0x00000000cbd80000)
 Metaspace       used 20988K, capacity 21822K, committed 22144K, reserved 1069056K
  class space    used 2875K, capacity 3078K, committed 3200K, reserved 1048576K
Event: 4,324 GC heap after
Heap after GC invocations=7 (full 1):
 PSYoungGen      total 47104K, used 1472K [0x00000000ede00000, 0x00000000f2080000, 0x0000000100000000)
  eden space 45568K, 0% used [0x00000000ede00000,0x00000000ede00000,0x00000000f0a80000)
  from space 1536K, 95% used [0x00000000f1f00000,0x00000000f2070000,0x00000000f2080000)
  to   space 7168K, 0% used [0x00000000f1280000,0x00000000f1280000,0x00000000f1980000)
 ParOldGen       total 36352K, used 9201K [0x00000000c9a00000, 0x00000000cbd80000, 0x00000000ede00000)
  object space 36352K, 25% used [0x00000000c9a00000,0x00000000ca2fc758,0x00000000cbd80000)
 Metaspace       used 20988K, capacity 21822K, committed 22144K, reserved 1069056K
  class space    used 2875K, capacity 3078K, committed 3200K, reserved 1048576K
}
Event: 5,522 GC heap before
{Heap before GC invocations=8 (full 1):
 PSYoungGen      total 47104K, used 47040K [0x00000000ede00000, 0x00000000f2080000, 0x0000000100000000)
  eden space 45568K, 100% used [0x00000000ede00000,0x00000000f0a80000,0x00000000f0a80000)
  from space 1536K, 95% used [0x00000000f1f00000,0x00000000f2070000,0x00000000f2080000)
  to   space 7168K, 0% used [0x00000000f1280000,0x00000000f1280000,0x00000000f1980000)
 ParOldGen       total 36352K, used 9201K [0x00000000c9a00000, 0x00000000cbd80000, 0x00000000ede00000)
  object space 36352K, 25% used [0x00000000c9a00000,0x00000000ca2fc758,0x00000000cbd80000)
 Metaspace       used 26084K, capacity 26958K, committed 27264K, reserved 1073152K
  class space    used 3650K, capacity 3870K, committed 3968K, reserved 1048576K
Event: 5,538 GC heap after
Heap after GC invocations=8 (full 1):
 PSYoungGen      total 60928K, used 6590K [0x00000000ede00000, 0x00000000f3180000, 0x0000000100000000)
  eden space 53760K, 0% used [0x00000000ede00000,0x00000000ede00000,0x00000000f1280000)
  from space 7168K, 91% used [0x00000000f1280000,0x00000000f18efa90,0x00000000f1980000)
  to   space 8192K, 0% used [0x00000000f2980000,0x00000000f2980000,0x00000000f3180000)
 ParOldGen       total 36352K, used 9209K [0x00000000c9a00000, 0x00000000cbd80000, 0x00000000ede00000)
  object space 36352K, 25% used [0x00000000c9a00000,0x00000000ca2fe758,0x00000000cbd80000)
 Metaspace       used 26084K, capacity 26958K, committed 27264K, reserved 1073152K
  class space    used 3650K, capacity 3870K, committed 3968K, reserved 1048576K
}
Event: 7,284 GC heap before
{Heap before GC invocations=9 (full 1):
 PSYoungGen      total 60928K, used 60350K [0x00000000ede00000, 0x00000000f3180000, 0x0000000100000000)
  eden space 53760K, 100% used [0x00000000ede00000,0x00000000f1280000,0x00000000f1280000)
  from space 7168K, 91% used [0x00000000f1280000,0x00000000f18efa90,0x00000000f1980000)
  to   space 8192K, 0% used [0x00000000f2980000,0x00000000f2980000,0x00000000f3180000)
 ParOldGen       total 36352K, used 9209K [0x00000000c9a00000, 0x00000000cbd80000, 0x00000000ede00000)
  object space 36352K, 25% used [0x00000000c9a00000,0x00000000ca2fe758,0x00000000cbd80000)
 Metaspace       used 30976K, capacity 31844K, committed 32000K, reserved 1077248K
  class space    used 4337K, capacity 4551K, committed 4608K, reserved 1048576K
Event: 7,305 GC heap after
Heap after GC invocations=9 (full 1):
 PSYoungGen      total 75264K, used 8179K [0x00000000ede00000, 0x00000000f4080000, 0x0000000100000000)
  eden space 67072K, 0% used [0x00000000ede00000,0x00000000ede00000,0x00000000f1f80000)
  from space 8192K, 99% used [0x00000000f2980000,0x00000000f317cfa8,0x00000000f3180000)
  to   space 10240K, 0% used [0x00000000f1f80000,0x00000000f1f80000,0x00000000f2980000)
 ParOldGen       total 36352K, used 10235K [0x00000000c9a00000, 0x00000000cbd80000, 0x00000000ede00000)
  object space 36352K, 28% used [0x00000000c9a00000,0x00000000ca3feeb8,0x00000000cbd80000)
 Metaspace       used 30976K, capacity 31844K, committed 32000K, reserved 1077248K
  class space    used 4337K, capacity 4551K, committed 4608K, reserved 1048576K
}
Event: 8,151 GC heap before
{Heap before GC invocations=10 (full 1):
 PSYoungGen      total 75264K, used 31263K [0x00000000ede00000, 0x00000000f4080000, 0x0000000100000000)
  eden space 67072K, 34% used [0x00000000ede00000,0x00000000ef48afd0,0x00000000f1f80000)
  from space 8192K, 99% used [0x00000000f2980000,0x00000000f317cfa8,0x00000000f3180000)
  to   space 10240K, 0% used [0x00000000f1f80000,0x00000000f1f80000,0x00000000f2980000)
 ParOldGen       total 36352K, used 10235K [0x00000000c9a00000, 0x00000000cbd80000, 0x00000000ede00000)
  object space 36352K, 28% used [0x00000000c9a00000,0x00000000ca3feeb8,0x00000000cbd80000)
 Metaspace       used 34273K, capacity 35387K, committed 35416K, reserved 1079296K
  class space    used 4808K, capacity 5091K, committed 5120K, reserved 1048576K
Event: 8,198 GC heap after
Heap after GC invocations=10 (full 1):
 PSYoungGen      total 77312K, used 7927K [0x00000000ede00000, 0x00000000f4c80000, 0x0000000100000000)
  eden space 67072K, 0% used [0x00000000ede00000,0x00000000ede00000,0x00000000f1f80000)
  from space 10240K, 77% used [0x00000000f1f80000,0x00000000f273dce8,0x00000000f2980000)
  to   space 10752K, 0% used [0x00000000f4200000,0x00000000f4200000,0x00000000f4c80000)
 ParOldGen       total 36352K, used 10307K [0x00000000c9a00000, 0x00000000cbd80000, 0x00000000ede00000)
  object space 36352K, 28% used [0x00000000c9a00000,0x00000000ca410ec8,0x00000000cbd80000)
 Metaspace       used 34273K, capacity 35387K, committed 35416K, reserved 1079296K
  class space    used 4808K, capacity 5091K, committed 5120K, reserved 1048576K
}
Event: 8,198 GC heap before
{Heap before GC invocations=11 (full 2):
 PSYoungGen      total 77312K, used 7927K [0x00000000ede00000, 0x00000000f4c80000, 0x0000000100000000)
  eden space 67072K, 0% used [0x00000000ede00000,0x00000000ede00000,0x00000000f1f80000)
  from space 10240K, 77% used [0x00000000f1f80000,0x00000000f273dce8,0x00000000f2980000)
  to   space 10752K, 0% used [0x00000000f4200000,0x00000000f4200000,0x00000000f4c80000)
 ParOldGen       total 36352K, used 10307K [0x00000000c9a00000, 0x00000000cbd80000, 0x00000000ede00000)
  object space 36352K, 28% used [0x00000000c9a00000,0x00000000ca410ec8,0x00000000cbd80000)
 Metaspace       used 34273K, capacity 35387K, committed 35416K, reserved 1079296K
  class space    used 4808K, capacity 5091K, committed 5120K, reserved 1048576K
Event: 8,374 GC heap after
Heap after GC invocations=11 (full 2):
 PSYoungGen      total 77312K, used 0K [0x00000000ede00000, 0x00000000f4c80000, 0x0000000100000000)
  eden space 67072K, 0% used [0x00000000ede00000,0x00000000ede00000,0x00000000f1f80000)
  from space 10240K, 0% used [0x00000000f1f80000,0x00000000f1f80000,0x00000000f2980000)
  to   space 10752K, 0% used [0x00000000f4200000,0x00000000f4200000,0x00000000f4c80000)
 ParOldGen       total 55296K, used 16845K [0x00000000c9a00000, 0x00000000cd000000, 0x00000000ede00000)
  object space 55296K, 30% used [0x00000000c9a00000,0x00000000caa734b8,0x00000000cd000000)
 Metaspace       used 34273K, capacity 35387K, committed 35416K, reserved 1079296K
  class space    used 4808K, capacity 5091K, committed 5120K, reserved 1048576K
}

