# JRE version: Java(TM) SE Runtime Environment (8.0_181-b13) (build 1.8.0_181-b13)
# Java VM: Java HotSpot(TM) 64-Bit Server VM (25.181-b13 mixed mode linux-amd64 compressed oops)
Heap:
 PSYoungGen      total 96256K, used 22040K [0x00000000ede00000, 0x00000000f6c80000, 0x0000000100000000)
  eden space 85504K, 25% used [0x00000000ede00000,0x00000000ef386320,0x00000000f3180000)
  from space 10752K, 0% used [0x00000000f3180000,0x00000000f3180000,0x00000000f3c00000)
  to   space 10752K, 0% used [0x00000000f6200000,0x00000000f6200000,0x00000000f6c80000)
 ParOldGen       total 49664K, used 17312K [0x00000000c9a00000, 0x00000000cca80000, 0x00000000ede00000)
  object space 49664K, 34% used [0x00000000c9a00000,0x00000000caae8040,0x00000000cca80000)
 Metaspace       used 38152K, capacity 39792K, committed 40024K, reserved 1083392K
  class space    used 5383K, capacity 5751K, committed 5760K, reserved 1048576K
GC Heap History (10 events):
Event: 10,553 GC heap before
{Heap before GC invocations=7 (full 1):
 PSYoungGen      total 31744K, used 29696K [0x00000000ede00000, 0x00000000f2600000, 0x0000000100000000)
  eden space 29696K, 100% used [0x00000000ede00000,0x00000000efb00000,0x00000000efb00000)
  from space 2048K, 0% used [0x00000000efb00000,0x00000000efb00000,0x00000000efd00000)
  to   space 7168K, 0% used [0x00000000f1f00000,0x00000000f1f00000,0x00000000f2600000)
 ParOldGen       total 34304K, used 10052K [0x00000000c9a00000, 0x00000000cbb80000, 0x00000000ede00000)
  object space 34304K, 29% used [0x00000000c9a00000,0x00000000ca3d1090,0x00000000cbb80000)
 Metaspace       used 21163K, capacity 21980K, committed 22144K, reserved 1069056K
  class space    used 2866K, capacity 3073K, committed 3200K, reserved 1048576K
Event: 10,560 GC heap after
Heap after GC invocations=7 (full 1):
 PSYoungGen      total 52736K, used 1440K [0x00000000ede00000, 0x00000000f2080000, 0x0000000100000000)
  eden space 51200K, 0% used [0x00000000ede00000,0x00000000ede00000,0x00000000f1000000)
  from space 1536K, 93% used [0x00000000f1f00000,0x00000000f2068000,0x00000000f2080000)
  to   space 7168K, 0% used [0x00000000f1280000,0x00000000f1280000,0x00000000f1980000)
 ParOldGen       total 34304K, used 10060K [0x00000000c9a00000, 0x00000000cbb80000, 0x00000000ede00000)
  object space 34304K, 29% used [0x00000000c9a00000,0x00000000ca3d3090,0x00000000cbb80000)
 Metaspace       used 21163K, capacity 21980K, committed 22144K, reserved 1069056K
  class space    used 2866K, capacity 3073K, committed 3200K, reserved 1048576K
}
Event: 11,956 GC heap before
{Heap before GC invocations=8 (full 1):
 PSYoungGen      total 52736K, used 52640K [0x00000000ede00000, 0x00000000f2080000, 0x0000000100000000)
  eden space 51200K, 100% used [0x00000000ede00000,0x00000000f1000000,0x00000000f1000000)
  from space 1536K, 93% used [0x00000000f1f00000,0x00000000f2068000,0x00000000f2080000)
  to   space 7168K, 0% used [0x00000000f1280000,0x00000000f1280000,0x00000000f1980000)
 ParOldGen       total 34304K, used 10060K [0x00000000c9a00000, 0x00000000cbb80000, 0x00000000ede00000)
  object space 34304K, 29% used [0x00000000c9a00000,0x00000000ca3d3090,0x00000000cbb80000)
 Metaspace       used 26362K, capacity 27256K, committed 27520K, reserved 1073152K
  class space    used 3677K, capacity 3905K, committed 3968K, reserved 1048576K
Event: 11,973 GC heap after
Heap after GC invocations=8 (full 1):
 PSYoungGen      total 60928K, used 6955K [0x00000000ede00000, 0x00000000f4480000, 0x0000000100000000)
  eden space 53760K, 0% used [0x00000000ede00000,0x00000000ede00000,0x00000000f1280000)
  from space 7168K, 97% used [0x00000000f1280000,0x00000000f194ad68,0x00000000f1980000)
  to   space 8704K, 0% used [0x00000000f3c00000,0x00000000f3c00000,0x00000000f4480000)
 ParOldGen       total 34304K, used 10068K [0x00000000c9a00000, 0x00000000cbb80000, 0x00000000ede00000)
  object space 34304K, 29% used [0x00000000c9a00000,0x00000000ca3d5090,0x00000000cbb80000)
 Metaspace       used 26362K, capacity 27256K, committed 27520K, reserved 1073152K
  class space    used 3677K, capacity 3905K, committed 3968K, reserved 1048576K
}
Event: 14,613 GC heap before
{Heap before GC invocations=9 (full 1):
 PSYoungGen      total 60928K, used 60715K [0x00000000ede00000, 0x00000000f4480000, 0x0000000100000000)
  eden space 53760K, 100% used [0x00000000ede00000,0x00000000f1280000,0x00000000f1280000)
  from space 7168K, 97% used [0x00000000f1280000,0x00000000f194ad68,0x00000000f1980000)
  to   space 8704K, 0% used [0x00000000f3c00000,0x00000000f3c00000,0x00000000f4480000)
 ParOldGen       total 34304K, used 10068K [0x00000000c9a00000, 0x00000000cbb80000, 0x00000000ede00000)
  object space 34304K, 29% used [0x00000000c9a00000,0x00000000ca3d5090,0x00000000cbb80000)
 Metaspace       used 31215K, capacity 32148K, committed 32256K, reserved 1077248K
  class space    used 4350K, capacity 4587K, committed 4608K, reserved 1048576K
Event: 14,638 GC heap after
Heap after GC invocations=9 (full 1):
 PSYoungGen      total 94208K, used 8682K [0x00000000ede00000, 0x00000000f4c00000, 0x0000000100000000)
  eden space 85504K, 0% used [0x00000000ede00000,0x00000000ede00000,0x00000000f3180000)
  from space 8704K, 99% used [0x00000000f3c00000,0x00000000f447abb0,0x00000000f4480000)
  to   space 10752K, 0% used [0x00000000f3180000,0x00000000f3180000,0x00000000f3c00000)
 ParOldGen       total 34304K, used 10984K [0x00000000c9a00000, 0x00000000cbb80000, 0x00000000ede00000)
  object space 34304K, 32% used [0x00000000c9a00000,0x00000000ca4ba090,0x00000000cbb80000)
 Metaspace       used 31215K, capacity 32148K, committed 32256K, reserved 1077248K
  class space    used 4350K, capacity 4587K, committed 4608K, reserved 1048576K
}
Event: 16,024 GC heap before
{Heap before GC invocations=10 (full 1):
 PSYoungGen      total 94208K, used 36576K [0x00000000ede00000, 0x00000000f4c00000, 0x0000000100000000)
  eden space 85504K, 32% used [0x00000000ede00000,0x00000000ef93d450,0x00000000f3180000)
  from space 8704K, 99% used [0x00000000f3c00000,0x00000000f447abb0,0x00000000f4480000)
  to   space 10752K, 0% used [0x00000000f3180000,0x00000000f3180000,0x00000000f3c00000)
 ParOldGen       total 34304K, used 10984K [0x00000000c9a00000, 0x00000000cbb80000, 0x00000000ede00000)
  object space 34304K, 32% used [0x00000000c9a00000,0x00000000ca4ba090,0x00000000cbb80000)
 Metaspace       used 34284K, capacity 35328K, committed 35416K, reserved 1079296K
  class space    used 4723K, capacity 4963K, committed 4992K, reserved 1048576K
Event: 16,065 GC heap after
Heap after GC invocations=10 (full 1):
 PSYoungGen      total 96256K, used 7346K [0x00000000ede00000, 0x00000000f6c80000, 0x0000000100000000)
  eden space 85504K, 0% used [0x00000000ede00000,0x00000000ede00000,0x00000000f3180000)
  from space 10752K, 68% used [0x00000000f3180000,0x00000000f38acbb8,0x00000000f3c00000)
  to   space 10752K, 0% used [0x00000000f6200000,0x00000000f6200000,0x00000000f6c80000)
 ParOldGen       total 34304K, used 12368K [0x00000000c9a00000, 0x00000000cbb80000, 0x00000000ede00000)
  object space 34304K, 36% used [0x00000000c9a00000,0x00000000ca614090,0x00000000cbb80000)
 Metaspace       used 34284K, capacity 35328K, committed 35416K, reserved 1079296K
  class space    used 4723K, capacity 4963K, committed 4992K, reserved 1048576K
}
Event: 16,065 GC heap before
{Heap before GC invocations=11 (full 2):
 PSYoungGen      total 96256K, used 7346K [0x00000000ede00000, 0x00000000f6c80000, 0x0000000100000000)
  eden space 85504K, 0% used [0x00000000ede00000,0x00000000ede00000,0x00000000f3180000)
  from space 10752K, 68% used [0x00000000f3180000,0x00000000f38acbb8,0x00000000f3c00000)
  to   space 10752K, 0% used [0x00000000f6200000,0x00000000f6200000,0x00000000f6c80000)
 ParOldGen       total 34304K, used 12368K [0x00000000c9a00000, 0x00000000cbb80000, 0x00000000ede00000)
  object space 34304K, 36% used [0x00000000c9a00000,0x00000000ca614090,0x00000000cbb80000)
 Metaspace       used 34284K, capacity 35328K, committed 35416K, reserved 1079296K
  class space    used 4723K, capacity 4963K, committed 4992K, reserved 1048576K
Event: 16,221 GC heap after
Heap after GC invocations=11 (full 2):
 PSYoungGen      total 96256K, used 0K [0x00000000ede00000, 0x00000000f6c80000, 0x0000000100000000)
  eden space 85504K, 0% used [0x00000000ede00000,0x00000000ede00000,0x00000000f3180000)
  from space 10752K, 0% used [0x00000000f3180000,0x00000000f3180000,0x00000000f3c00000)
  to   space 10752K, 0% used [0x00000000f6200000,0x00000000f6200000,0x00000000f6c80000)
 ParOldGen       total 49664K, used 17312K [0x00000000c9a00000, 0x00000000cca80000, 0x00000000ede00000)
  object space 49664K, 34% used [0x00000000c9a00000,0x00000000caae8040,0x00000000cca80000)
 Metaspace       used 34284K, capacity 35328K, committed 35416K, reserved 1079296K
  class space    used 4723K, capacity 4963K, committed 4992K, reserved 1048576K
}

