# JRE version: Java(TM) SE Runtime Environment (8.0_151-b12) (build 1.8.0_151-b12)
# Java VM: Java HotSpot(TM) 64-Bit Server VM (25.151-b12 mixed mode linux-amd64 compressed oops)
Heap:
 PSYoungGen      total 76288K, used 19253K [0x00000000ede00000, 0x00000000f4800000, 0x0000000100000000)
  eden space 66048K, 29% used [0x00000000ede00000,0x00000000ef0cd438,0x00000000f1e80000)
  from space 10240K, 0% used [0x00000000f1e80000,0x00000000f1e80000,0x00000000f2880000)
  to   space 10752K, 0% used [0x00000000f3d80000,0x00000000f3d80000,0x00000000f4800000)
 ParOldGen       total 55808K, used 16831K [0x00000000c9a00000, 0x00000000cd080000, 0x00000000ede00000)
  object space 55808K, 30% used [0x00000000c9a00000,0x00000000caa6fe10,0x00000000cd080000)
 Metaspace       used 37663K, capacity 39268K, committed 39552K, reserved 1083392K
  class space    used 5337K, capacity 5665K, committed 5760K, reserved 1048576K
GC Heap History (10 events):
Event: 5,937 GC heap before
{Heap before GC invocations=7 (full 1):
 PSYoungGen      total 31744K, used 29696K [0x00000000ede00000, 0x00000000f2600000, 0x0000000100000000)
  eden space 29696K, 100% used [0x00000000ede00000,0x00000000efb00000,0x00000000efb00000)
  from space 2048K, 0% used [0x00000000efb00000,0x00000000efb00000,0x00000000efd00000)
  to   space 7168K, 0% used [0x00000000f1f00000,0x00000000f1f00000,0x00000000f2600000)
 ParOldGen       total 37888K, used 10687K [0x00000000c9a00000, 0x00000000cbf00000, 0x00000000ede00000)
  object space 37888K, 28% used [0x00000000c9a00000,0x00000000ca46ffd0,0x00000000cbf00000)
 Metaspace       used 21005K, capacity 21822K, committed 22144K, reserved 1069056K
  class space    used 2875K, capacity 3078K, committed 3200K, reserved 1048576K
Event: 5,944 GC heap after
Heap after GC invocations=7 (full 1):
 PSYoungGen      total 46080K, used 1472K [0x00000000ede00000, 0x00000000f2080000, 0x0000000100000000)
  eden space 44544K, 0% used [0x00000000ede00000,0x00000000ede00000,0x00000000f0980000)
  from space 1536K, 95% used [0x00000000f1f00000,0x00000000f2070000,0x00000000f2080000)
  to   space 7168K, 0% used [0x00000000f1280000,0x00000000f1280000,0x00000000f1980000)
 ParOldGen       total 37888K, used 10695K [0x00000000c9a00000, 0x00000000cbf00000, 0x00000000ede00000)
  object space 37888K, 28% used [0x00000000c9a00000,0x00000000ca471fd0,0x00000000cbf00000)
 Metaspace       used 21005K, capacity 21822K, committed 22144K, reserved 1069056K
  class space    used 2875K, capacity 3078K, committed 3200K, reserved 1048576K
}
Event: 7,034 GC heap before
{Heap before GC invocations=8 (full 1):
 PSYoungGen      total 46080K, used 46016K [0x00000000ede00000, 0x00000000f2080000, 0x0000000100000000)
  eden space 44544K, 100% used [0x00000000ede00000,0x00000000f0980000,0x00000000f0980000)
  from space 1536K, 95% used [0x00000000f1f00000,0x00000000f2070000,0x00000000f2080000)
  to   space 7168K, 0% used [0x00000000f1280000,0x00000000f1280000,0x00000000f1980000)
 ParOldGen       total 37888K, used 10695K [0x00000000c9a00000, 0x00000000cbf00000, 0x00000000ede00000)
  object space 37888K, 28% used [0x00000000c9a00000,0x00000000ca471fd0,0x00000000cbf00000)
 Metaspace       used 26058K, capacity 26954K, committed 27264K, reserved 1073152K
  class space    used 3650K, capacity 3870K, committed 3968K, reserved 1048576K
Event: 7,060 GC heap after
Heap after GC invocations=8 (full 1):
 PSYoungGen      total 60928K, used 6452K [0x00000000ede00000, 0x00000000f3080000, 0x0000000100000000)
  eden space 53760K, 0% used [0x00000000ede00000,0x00000000ede00000,0x00000000f1280000)
  from space 7168K, 90% used [0x00000000f1280000,0x00000000f18cd0b8,0x00000000f1980000)
  to   space 8192K, 0% used [0x00000000f2880000,0x00000000f2880000,0x00000000f3080000)
 ParOldGen       total 37888K, used 10703K [0x00000000c9a00000, 0x00000000cbf00000, 0x00000000ede00000)
  object space 37888K, 28% used [0x00000000c9a00000,0x00000000ca473fd0,0x00000000cbf00000)
 Metaspace       used 26058K, capacity 26954K, committed 27264K, reserved 1073152K
  class space    used 3650K, capacity 3870K, committed 3968K, reserved 1048576K
}
Event: 9,457 GC heap before
{Heap before GC invocations=9 (full 1):
 PSYoungGen      total 60928K, used 60212K [0x00000000ede00000, 0x00000000f3080000, 0x0000000100000000)
  eden space 53760K, 100% used [0x00000000ede00000,0x00000000f1280000,0x00000000f1280000)
  from space 7168K, 90% used [0x00000000f1280000,0x00000000f18cd0b8,0x00000000f1980000)
  to   space 8192K, 0% used [0x00000000f2880000,0x00000000f2880000,0x00000000f3080000)
 ParOldGen       total 37888K, used 10703K [0x00000000c9a00000, 0x00000000cbf00000, 0x00000000ede00000)
  object space 37888K, 28% used [0x00000000c9a00000,0x00000000ca473fd0,0x00000000cbf00000)
 Metaspace       used 30964K, capacity 31904K, committed 32256K, reserved 1077248K
  class space    used 4334K, capacity 4551K, committed 4608K, reserved 1048576K
Event: 9,494 GC heap after
Heap after GC invocations=9 (full 1):
 PSYoungGen      total 74240K, used 8188K [0x00000000ede00000, 0x00000000f4180000, 0x0000000100000000)
  eden space 66048K, 0% used [0x00000000ede00000,0x00000000ede00000,0x00000000f1e80000)
  from space 8192K, 99% used [0x00000000f2880000,0x00000000f307f1f8,0x00000000f3080000)
  to   space 10240K, 0% used [0x00000000f1e80000,0x00000000f1e80000,0x00000000f2880000)
 ParOldGen       total 37888K, used 11796K [0x00000000c9a00000, 0x00000000cbf00000, 0x00000000ede00000)
  object space 37888K, 31% used [0x00000000c9a00000,0x00000000ca5853e8,0x00000000cbf00000)
 Metaspace       used 30964K, capacity 31904K, committed 32256K, reserved 1077248K
  class space    used 4334K, capacity 4551K, committed 4608K, reserved 1048576K
}
Event: 10,918 GC heap before
{Heap before GC invocations=10 (full 1):
 PSYoungGen      total 74240K, used 30951K [0x00000000ede00000, 0x00000000f4180000, 0x0000000100000000)
  eden space 66048K, 34% used [0x00000000ede00000,0x00000000ef43abb8,0x00000000f1e80000)
  from space 8192K, 99% used [0x00000000f2880000,0x00000000f307f1f8,0x00000000f3080000)
  to   space 10240K, 0% used [0x00000000f1e80000,0x00000000f1e80000,0x00000000f2880000)
 ParOldGen       total 37888K, used 11796K [0x00000000c9a00000, 0x00000000cbf00000, 0x00000000ede00000)
  object space 37888K, 31% used [0x00000000c9a00000,0x00000000ca5853e8,0x00000000cbf00000)
 Metaspace       used 34244K, capacity 35312K, committed 35416K, reserved 1079296K
  class space    used 4803K, capacity 5063K, committed 5120K, reserved 1048576K
Event: 10,947 GC heap after
Heap after GC invocations=10 (full 1):
 PSYoungGen      total 76288K, used 8033K [0x00000000ede00000, 0x00000000f4800000, 0x0000000100000000)
  eden space 66048K, 0% used [0x00000000ede00000,0x00000000ede00000,0x00000000f1e80000)
  from space 10240K, 78% used [0x00000000f1e80000,0x00000000f26584d0,0x00000000f2880000)
  to   space 10752K, 0% used [0x00000000f3d80000,0x00000000f3d80000,0x00000000f4800000)
 ParOldGen       total 37888K, used 11804K [0x00000000c9a00000, 0x00000000cbf00000, 0x00000000ede00000)
  object space 37888K, 31% used [0x00000000c9a00000,0x00000000ca5873e8,0x00000000cbf00000)
 Metaspace       used 34244K, capacity 35312K, committed 35416K, reserved 1079296K
  class space    used 4803K, capacity 5063K, committed 5120K, reserved 1048576K
}
Event: 10,947 GC heap before
{Heap before GC invocations=11 (full 2):
 PSYoungGen      total 76288K, used 8033K [0x00000000ede00000, 0x00000000f4800000, 0x0000000100000000)
  eden space 66048K, 0% used [0x00000000ede00000,0x00000000ede00000,0x00000000f1e80000)
  from space 10240K, 78% used [0x00000000f1e80000,0x00000000f26584d0,0x00000000f2880000)
  to   space 10752K, 0% used [0x00000000f3d80000,0x00000000f3d80000,0x00000000f4800000)
 ParOldGen       total 37888K, used 11804K [0x00000000c9a00000, 0x00000000cbf00000, 0x00000000ede00000)
  object space 37888K, 31% used [0x00000000c9a00000,0x00000000ca5873e8,0x00000000cbf00000)
 Metaspace       used 34244K, capacity 35312K, committed 35416K, reserved 1079296K
  class space    used 4803K, capacity 5063K, committed 5120K, reserved 1048576K
Event: 11,103 GC heap after
Heap after GC invocations=11 (full 2):
 PSYoungGen      total 76288K, used 0K [0x00000000ede00000, 0x00000000f4800000, 0x0000000100000000)
  eden space 66048K, 0% used [0x00000000ede00000,0x00000000ede00000,0x00000000f1e80000)
  from space 10240K, 0% used [0x00000000f1e80000,0x00000000f1e80000,0x00000000f2880000)
  to   space 10752K, 0% used [0x00000000f3d80000,0x00000000f3d80000,0x00000000f4800000)
 ParOldGen       total 55808K, used 16831K [0x00000000c9a00000, 0x00000000cd080000, 0x00000000ede00000)
  object space 55808K, 30% used [0x00000000c9a00000,0x00000000caa6fe10,0x00000000cd080000)
 Metaspace       used 34244K, capacity 35312K, committed 35416K, reserved 1079296K
  class space    used 4803K, capacity 5063K, committed 5120K, reserved 1048576K
}

